<?xml version="1.0" encoding="utf-8"?><testsuites name="pytest tests"><testsuite name="pytest" errors="0" failures="0" skipped="0" tests="9" time="1.506" timestamp="2026-04-07T14:20:55.904446+00:00" hostname="agent-env-9e83078e-bff7-4ff5-9024-8a7e5a1c9109"><testcase classname="backend.tests.test_blog_contact.TestBlogAPI" name="test_get_all_posts" time="0.132" /><testcase classname="backend.tests.test_blog_contact.TestBlogAPI" name="test_get_post_by_slug" time="0.117" /><testcase classname="backend.tests.test_blog_contact.TestBlogAPI" name="test_get_post_invalid_slug" time="0.150" /><testcase classname="backend.tests.test_blog_contact.TestBlogAPI" name="test_like_post" time="0.238" /><testcase classname="backend.tests.test_blog_contact.TestBlogAPI" name="test_get_comments" time="0.107" /><testcase classname="backend.tests.test_blog_contact.TestBlogAPI" name="test_add_comment" time="0.143" /><testcase classname="backend.tests.test_blog_contact.TestBlogAPI" name="test_add_comment_verify_in_list" time="0.290" /><testcase classname="backend.tests.test_blog_contact.TestContactAPI" name="test_contact_submit" time="0.146" /><testcase classname="backend.tests.test_blog_contact.TestContactAPI" name="test_contact_missing_fields" time="0.110" /></testsuite></testsuites>